Flow report for DE1_SOC_golden_top
Thu Sep 13 22:07:59 2018
Quartus Prime Version 16.1.0 Build 196 10/24/2016 SJ Standard Edition


---------------------
; Table of Contents ;
---------------------
  1. Legal Notice
  2. Flow Summary
  3. Flow Settings
  4. Flow Non-Default Global Settings
  5. Flow Elapsed Time
  6. Flow OS Summary
  7. Flow Log
  8. Flow Messages
  9. Flow Suppressed Messages



----------------
; Legal Notice ;
----------------
Copyright (C) 2016  Intel Corporation. All rights reserved.
Your use of Intel Corporation's design tools, logic functions 
and other software and tools, and its AMPP partner logic 
functions, and any output files from any of the foregoing 
(including device programming or simulation files), and any 
associated documentation or information are expressly subject 
to the terms and conditions of the Intel Program License 
Subscription Agreement, the Intel Quartus Prime License Agreement,
the Intel MegaCore Function License Agreement, or other 
applicable license agreement, including, without limitation, 
that your use is for the sole purpose of programming logic 
devices manufactured by Intel and sold by Intel or its 
authorized distributors.  Please refer to the applicable 
agreement for further details.



+-----------------------------------------------------------------------------------+
; Flow Summary                                                                      ;
+---------------------------------+-------------------------------------------------+
; Flow Status                     ; Successful - Thu Sep 13 22:06:47 2018           ;
; Quartus Prime Version           ; 16.1.0 Build 196 10/24/2016 SJ Standard Edition ;
; Revision Name                   ; DE1_SOC_golden_top                              ;
; Top-level Entity Name           ; DE1_SOC_golden_top                              ;
; Family                          ; Cyclone V                                       ;
; Device                          ; 5CSXFC6D6F31C6                                  ;
; Timing Models                   ; Final                                           ;
; Logic utilization (in ALMs)     ; 9,954 / 41,910 ( 24 % )                         ;
; Total registers                 ; 15571                                           ;
; Total pins                      ; 387 / 499 ( 78 % )                              ;
; Total virtual pins              ; 0                                               ;
; Total block memory bits         ; 757,791 / 5,662,720 ( 13 % )                    ;
; Total DSP Blocks                ; 5 / 112 ( 4 % )                                 ;
; Total HSSI RX PCSs              ; 0 / 9 ( 0 % )                                   ;
; Total HSSI PMA RX Deserializers ; 0 / 9 ( 0 % )                                   ;
; Total HSSI TX PCSs              ; 0 / 9 ( 0 % )                                   ;
; Total HSSI PMA TX Serializers   ; 0 / 9 ( 0 % )                                   ;
; Total PLLs                      ; 3 / 15 ( 20 % )                                 ;
; Total DLLs                      ; 1 / 4 ( 25 % )                                  ;
+---------------------------------+-------------------------------------------------+


+-----------------------------------------+
; Flow Settings                           ;
+-------------------+---------------------+
; Option            ; Setting             ;
+-------------------+---------------------+
; Start date & time ; 09/13/2018 21:54:17 ;
; Main task         ; Compilation         ;
; Revision Name     ; DE1_SOC_golden_top  ;
+-------------------+---------------------+


+-------------------------------------------------------------------------------------------------------------------------------------------------------------------------------------------------------------------------------------------------------------------------------------------------------------------------+
; Flow Non-Default Global Settings                                                                                                                                                                                                                                                                                        ;
+---------------------------------------+-------------------------------------------------------------------------------------------------------------------------------------------------------------------------------------------------------------+---------------+--------------------------------+------------------+
; Assignment Name                       ; Value                                                                                                                                                                                                       ; Default Value ; Entity Name                    ; Section Id       ;
+---------------------------------------+-------------------------------------------------------------------------------------------------------------------------------------------------------------------------------------------------------------+---------------+--------------------------------+------------------+
; COMPILER_SIGNATURE_ID                 ; 203178709721974.153684684905016                                                                                                                                                                             ; --            ; --                             ; --               ;
; ECO_REGENERATE_REPORT                 ; On                                                                                                                                                                                                          ; Off           ; --                             ; --               ;
; ENABLE_SIGNALTAP                      ; On                                                                                                                                                                                                          ; --            ; --                             ; --               ;
; FITTER_EFFORT                         ; Standard Fit                                                                                                                                                                                                ; Auto Fit      ; --                             ; --               ;
; HPS_ISW_FILE                          ; soc_system/synthesis/submodules/sequencer/alt_types.pre.h                                                                                                                                                   ; --            ; soc_system_hps_0_hps_io_border ; --               ;
; HPS_ISW_FILE                          ; soc_system/synthesis/submodules/sequencer/emif.pre.xml                                                                                                                                                      ; --            ; soc_system_hps_0_hps_io_border ; --               ;
; HPS_ISW_FILE                          ; soc_system/synthesis/submodules/sequencer/sdram_io.pre.h                                                                                                                                                    ; --            ; soc_system_hps_0_hps_io_border ; --               ;
; HPS_ISW_FILE                          ; soc_system/synthesis/submodules/sequencer/sequencer.pre.c                                                                                                                                                   ; --            ; soc_system_hps_0_hps_io_border ; --               ;
; HPS_ISW_FILE                          ; soc_system/synthesis/submodules/sequencer/sequencer.pre.h                                                                                                                                                   ; --            ; soc_system_hps_0_hps_io_border ; --               ;
; HPS_ISW_FILE                          ; soc_system/synthesis/submodules/sequencer/sequencer_auto.pre.h                                                                                                                                              ; --            ; soc_system_hps_0_hps_io_border ; --               ;
; HPS_ISW_FILE                          ; soc_system/synthesis/submodules/sequencer/sequencer_auto_ac_init.pre.c                                                                                                                                      ; --            ; soc_system_hps_0_hps_io_border ; --               ;
; HPS_ISW_FILE                          ; soc_system/synthesis/submodules/sequencer/sequencer_auto_inst_init.pre.c                                                                                                                                    ; --            ; soc_system_hps_0_hps_io_border ; --               ;
; HPS_ISW_FILE                          ; soc_system/synthesis/submodules/sequencer/sequencer_defines.pre.h                                                                                                                                           ; --            ; soc_system_hps_0_hps_io_border ; --               ;
; HPS_ISW_FILE                          ; soc_system/synthesis/submodules/sequencer/system.pre.h                                                                                                                                                      ; --            ; soc_system_hps_0_hps_io_border ; --               ;
; HPS_ISW_FILE                          ; soc_system/synthesis/submodules/sequencer/tclrpt.pre.c                                                                                                                                                      ; --            ; soc_system_hps_0_hps_io_border ; --               ;
; HPS_ISW_FILE                          ; soc_system/synthesis/submodules/sequencer/tclrpt.pre.h                                                                                                                                                      ; --            ; soc_system_hps_0_hps_io_border ; --               ;
; HPS_ISW_FILE                          ; soc_system/synthesis/submodules/hps.pre.xml                                                                                                                                                                 ; --            ; soc_system_hps_0_hps_io_border ; --               ;
; HPS_PARTITION                         ; On                                                                                                                                                                                                          ; --            ; soc_system_hps_0_hps_io_border ; --               ;
; MAX_CORE_JUNCTION_TEMP                ; 85                                                                                                                                                                                                          ; --            ; --                             ; --               ;
; MIN_CORE_JUNCTION_TEMP                ; 0                                                                                                                                                                                                           ; --            ; --                             ; --               ;
; MISC_FILE                             ; v/pll.cmp                                                                                                                                                                                                   ; --            ; --                             ; --               ;
; MISC_FILE                             ; Sdram_Control/sdram_pll0.cmp                                                                                                                                                                                ; --            ; --                             ; --               ;
; MISC_FILE                             ; soc_system/simulation/../../soc_system.qsys                                                                                                                                                                 ; --            ; --                             ; --               ;
; MISC_FILE                             ; soc_system/simulation/soc_system.v                                                                                                                                                                          ; --            ; --                             ; --               ;
; MISC_FILE                             ; soc_system/simulation/submodules/altera_reset_controller.v                                                                                                                                                  ; --            ; --                             ; --               ;
; MISC_FILE                             ; soc_system/simulation/submodules/altera_reset_synchronizer.v                                                                                                                                                ; --            ; --                             ; --               ;
; MISC_FILE                             ; soc_system/simulation/submodules/altera_reset_controller.sdc                                                                                                                                                ; --            ; --                             ; --               ;
; MISC_FILE                             ; soc_system/simulation/submodules/soc_system_avalon_st_adapter.v                                                                                                                                             ; --            ; --                             ; --               ;
; MISC_FILE                             ; soc_system/simulation/submodules/soc_system_avalon_st_adapter_timing_adapter_0.sv                                                                                                                           ; --            ; --                             ; --               ;
; MISC_FILE                             ; soc_system/simulation/submodules/soc_system_avalon_st_adapter_timing_adapter_0_fifo.sv                                                                                                                      ; --            ; --                             ; --               ;
; MISC_FILE                             ; soc_system/simulation/submodules/soc_system_avalon_st_adapter_data_format_adapter_0.sv                                                                                                                      ; --            ; --                             ; --               ;
; MISC_FILE                             ; soc_system/simulation/submodules/soc_system_irq_mapper.sv                                                                                                                                                   ; --            ; --                             ; --               ;
; MISC_FILE                             ; soc_system/simulation/submodules/soc_system_mm_interconnect_1.v                                                                                                                                             ; --            ; --                             ; --               ;
; MISC_FILE                             ; soc_system/simulation/submodules/soc_system_mm_interconnect_1_avalon_st_adapter.v                                                                                                                           ; --            ; --                             ; --               ;
; MISC_FILE                             ; soc_system/simulation/submodules/soc_system_mm_interconnect_1_avalon_st_adapter_error_adapter_0.sv                                                                                                          ; --            ; --                             ; --               ;
; MISC_FILE                             ; soc_system/simulation/submodules/altera_avalon_st_handshake_clock_crosser.v                                                                                                                                 ; --            ; --                             ; --               ;
; MISC_FILE                             ; soc_system/simulation/submodules/altera_avalon_st_clock_crosser.v                                                                                                                                           ; --            ; --                             ; --               ;
; MISC_FILE                             ; soc_system/simulation/submodules/altera_avalon_st_pipeline_base.v                                                                                                                                           ; --            ; --                             ; --               ;
; MISC_FILE                             ; soc_system/simulation/submodules/altera_std_synchronizer_nocut.v                                                                                                                                            ; --            ; --                             ; --               ;
; MISC_FILE                             ; soc_system/simulation/submodules/altera_avalon_st_handshake_clock_crosser.sdc                                                                                                                               ; --            ; --                             ; --               ;
; MISC_FILE                             ; soc_system/simulation/submodules/soc_system_mm_interconnect_1_rsp_mux.sv                                                                                                                                    ; --            ; --                             ; --               ;
; MISC_FILE                             ; soc_system/simulation/submodules/altera_merlin_arbitrator.sv                                                                                                                                                ; --            ; --                             ; --               ;
; MISC_FILE                             ; soc_system/simulation/submodules/soc_system_mm_interconnect_1_rsp_demux.sv                                                                                                                                  ; --            ; --                             ; --               ;
; MISC_FILE                             ; soc_system/simulation/submodules/soc_system_mm_interconnect_1_cmd_mux.sv                                                                                                                                    ; --            ; --                             ; --               ;
; MISC_FILE                             ; soc_system/simulation/submodules/soc_system_mm_interconnect_1_cmd_demux.sv                                                                                                                                  ; --            ; --                             ; --               ;
; MISC_FILE                             ; soc_system/simulation/submodules/altera_merlin_burst_adapter.sv                                                                                                                                             ; --            ; --                             ; --               ;
; MISC_FILE                             ; soc_system/simulation/submodules/altera_merlin_burst_adapter_uncmpr.sv                                                                                                                                      ; --            ; --                             ; --               ;
; MISC_FILE                             ; soc_system/simulation/submodules/altera_merlin_burst_adapter_13_1.sv                                                                                                                                        ; --            ; --                             ; --               ;
; MISC_FILE                             ; soc_system/simulation/submodules/altera_merlin_burst_adapter_new.sv                                                                                                                                         ; --            ; --                             ; --               ;
; MISC_FILE                             ; soc_system/simulation/submodules/altera_incr_burst_converter.sv                                                                                                                                             ; --            ; --                             ; --               ;
; MISC_FILE                             ; soc_system/simulation/submodules/altera_wrap_burst_converter.sv                                                                                                                                             ; --            ; --                             ; --               ;
; MISC_FILE                             ; soc_system/simulation/submodules/altera_default_burst_converter.sv                                                                                                                                          ; --            ; --                             ; --               ;
; MISC_FILE                             ; soc_system/simulation/submodules/altera_merlin_address_alignment.sv                                                                                                                                         ; --            ; --                             ; --               ;
; MISC_FILE                             ; soc_system/simulation/submodules/altera_avalon_st_pipeline_stage.sv                                                                                                                                         ; --            ; --                             ; --               ;
; MISC_FILE                             ; soc_system/simulation/submodules/altera_merlin_traffic_limiter.sv                                                                                                                                           ; --            ; --                             ; --               ;
; MISC_FILE                             ; soc_system/simulation/submodules/altera_merlin_reorder_memory.sv                                                                                                                                            ; --            ; --                             ; --               ;
; MISC_FILE                             ; soc_system/simulation/submodules/altera_avalon_sc_fifo.v                                                                                                                                                    ; --            ; --                             ; --               ;
; MISC_FILE                             ; soc_system/simulation/submodules/soc_system_mm_interconnect_1_router_002.sv                                                                                                                                 ; --            ; --                             ; --               ;
; MISC_FILE                             ; soc_system/simulation/submodules/soc_system_mm_interconnect_1_router.sv                                                                                                                                     ; --            ; --                             ; --               ;
; MISC_FILE                             ; soc_system/simulation/submodules/altera_merlin_slave_agent.sv                                                                                                                                               ; --            ; --                             ; --               ;
; MISC_FILE                             ; soc_system/simulation/submodules/altera_merlin_burst_uncompressor.sv                                                                                                                                        ; --            ; --                             ; --               ;
; MISC_FILE                             ; soc_system/simulation/submodules/altera_merlin_axi_master_ni.sv                                                                                                                                             ; --            ; --                             ; --               ;
; MISC_FILE                             ; soc_system/simulation/submodules/altera_merlin_slave_translator.sv                                                                                                                                          ; --            ; --                             ; --               ;
; MISC_FILE                             ; soc_system/simulation/submodules/soc_system_mm_interconnect_0.v                                                                                                                                             ; --            ; --                             ; --               ;
; MISC_FILE                             ; soc_system/simulation/submodules/soc_system_mm_interconnect_0_avalon_st_adapter.v                                                                                                                           ; --            ; --                             ; --               ;
; MISC_FILE                             ; soc_system/simulation/submodules/soc_system_mm_interconnect_0_avalon_st_adapter_error_adapter_0.sv                                                                                                          ; --            ; --                             ; --               ;
; MISC_FILE                             ; soc_system/simulation/submodules/altera_merlin_width_adapter.sv                                                                                                                                             ; --            ; --                             ; --               ;
; MISC_FILE                             ; soc_system/simulation/submodules/soc_system_mm_interconnect_0_rsp_mux.sv                                                                                                                                    ; --            ; --                             ; --               ;
; MISC_FILE                             ; soc_system/simulation/submodules/soc_system_mm_interconnect_0_rsp_demux.sv                                                                                                                                  ; --            ; --                             ; --               ;
; MISC_FILE                             ; soc_system/simulation/submodules/soc_system_mm_interconnect_0_cmd_mux.sv                                                                                                                                    ; --            ; --                             ; --               ;
; MISC_FILE                             ; soc_system/simulation/submodules/soc_system_mm_interconnect_0_cmd_demux.sv                                                                                                                                  ; --            ; --                             ; --               ;
; MISC_FILE                             ; soc_system/simulation/submodules/soc_system_mm_interconnect_0_router_003.sv                                                                                                                                 ; --            ; --                             ; --               ;
; MISC_FILE                             ; soc_system/simulation/submodules/soc_system_mm_interconnect_0_router_002.sv                                                                                                                                 ; --            ; --                             ; --               ;
; MISC_FILE                             ; soc_system/simulation/submodules/soc_system_mm_interconnect_0_router.sv                                                                                                                                     ; --            ; --                             ; --               ;
; MISC_FILE                             ; soc_system/simulation/submodules/altera_merlin_master_agent.sv                                                                                                                                              ; --            ; --                             ; --               ;
; MISC_FILE                             ; soc_system/simulation/submodules/altera_merlin_master_translator.sv                                                                                                                                         ; --            ; --                             ; --               ;
; MISC_FILE                             ; soc_system/simulation/submodules/soc_system_timing_adapter_0.sv                                                                                                                                             ; --            ; --                             ; --               ;
; MISC_FILE                             ; soc_system/simulation/submodules/soc_system_sdram.v                                                                                                                                                         ; --            ; --                             ; --               ;
; MISC_FILE                             ; soc_system/simulation/submodules/soc_system_pll_stream.vo                                                                                                                                                   ; --            ; --                             ; --               ;
; MISC_FILE                             ; soc_system/simulation/submodules/soc_system_pll_sdram.vo                                                                                                                                                    ; --            ; --                             ; --               ;
; MISC_FILE                             ; soc_system/simulation/submodules/soc_system_hps_0.v                                                                                                                                                         ; --            ; --                             ; --               ;
; MISC_FILE                             ; soc_system/simulation/submodules/soc_system_hps_0_hps_io.v                                                                                                                                                  ; --            ; --                             ; --               ;
; MISC_FILE                             ; soc_system/simulation/submodules/verbosity_pkg.sv                                                                                                                                                           ; --            ; --                             ; --               ;
; MISC_FILE                             ; soc_system/simulation/submodules/avalon_utilities_pkg.sv                                                                                                                                                    ; --            ; --                             ; --               ;
; MISC_FILE                             ; soc_system/simulation/submodules/avalon_mm_pkg.sv                                                                                                                                                           ; --            ; --                             ; --               ;
; MISC_FILE                             ; soc_system/simulation/submodules/altera_avalon_mm_slave_bfm.sv                                                                                                                                              ; --            ; --                             ; --               ;
; MISC_FILE                             ; soc_system/simulation/submodules/altera_avalon_interrupt_sink.sv                                                                                                                                            ; --            ; --                             ; --               ;
; MISC_FILE                             ; soc_system/simulation/submodules/altera_avalon_clock_source.sv                                                                                                                                              ; --            ; --                             ; --               ;
; MISC_FILE                             ; soc_system/simulation/submodules/altera_avalon_reset_source.sv                                                                                                                                              ; --            ; --                             ; --               ;
; MISC_FILE                             ; soc_system/simulation/submodules/soc_system_hps_0_hps_io_border_memory.sv                                                                                                                                   ; --            ; --                             ; --               ;
; MISC_FILE                             ; soc_system/simulation/submodules/soc_system_hps_0_hps_io_border_hps_io.sv                                                                                                                                   ; --            ; --                             ; --               ;
; MISC_FILE                             ; soc_system/simulation/submodules/soc_system_hps_0_hps_io_border.sv                                                                                                                                          ; --            ; --                             ; --               ;
; MISC_FILE                             ; soc_system/simulation/submodules/questa_mvc_svapi.svh                                                                                                                                                       ; --            ; --                             ; --               ;
; MISC_FILE                             ; soc_system/simulation/submodules/mgc_common_axi.sv                                                                                                                                                          ; --            ; --                             ; --               ;
; MISC_FILE                             ; soc_system/simulation/submodules/mgc_axi_master.sv                                                                                                                                                          ; --            ; --                             ; --               ;
; MISC_FILE                             ; soc_system/simulation/submodules/mgc_axi_slave.sv                                                                                                                                                           ; --            ; --                             ; --               ;
; MISC_FILE                             ; soc_system/simulation/submodules/soc_system_hps_0_fpga_interfaces.sv                                                                                                                                        ; --            ; --                             ; --               ;
; MISC_FILE                             ; soc_system/simulation/submodules/soc_system_alt_vip_vfr_0.vo                                                                                                                                                ; --            ; --                             ; --               ;
; MISC_FILE                             ; soc_system/simulation/submodules/soc_system_alt_vip_tpg_0.vo                                                                                                                                                ; --            ; --                             ; --               ;
; MISC_FILE                             ; soc_system/simulation/submodules/soc_system_alt_vip_mix_0.vo                                                                                                                                                ; --            ; --                             ; --               ;
; MISC_FILE                             ; soc_system/simulation/submodules/alt_vipitc131_IS2Vid.sv                                                                                                                                                    ; --            ; --                             ; --               ;
; MISC_FILE                             ; soc_system/simulation/submodules/alt_vipitc131_IS2Vid_sync_compare.v                                                                                                                                        ; --            ; --                             ; --               ;
; MISC_FILE                             ; soc_system/simulation/submodules/alt_vipitc131_IS2Vid_calculate_mode.v                                                                                                                                      ; --            ; --                             ; --               ;
; MISC_FILE                             ; soc_system/simulation/submodules/alt_vipitc131_IS2Vid_control.v                                                                                                                                             ; --            ; --                             ; --               ;
; MISC_FILE                             ; soc_system/simulation/submodules/alt_vipitc131_IS2Vid_mode_banks.sv                                                                                                                                         ; --            ; --                             ; --               ;
; MISC_FILE                             ; soc_system/simulation/submodules/alt_vipitc131_IS2Vid_statemachine.v                                                                                                                                        ; --            ; --                             ; --               ;
; MISC_FILE                             ; soc_system/simulation/submodules/alt_vipitc131_common_fifo.v                                                                                                                                                ; --            ; --                             ; --               ;
; MISC_FILE                             ; soc_system/simulation/submodules/alt_vipitc131_common_generic_count.v                                                                                                                                       ; --            ; --                             ; --               ;
; MISC_FILE                             ; soc_system/simulation/submodules/alt_vipitc131_common_to_binary.v                                                                                                                                           ; --            ; --                             ; --               ;
; MISC_FILE                             ; soc_system/simulation/submodules/alt_vipitc131_common_sync.v                                                                                                                                                ; --            ; --                             ; --               ;
; MISC_FILE                             ; soc_system/simulation/submodules/alt_vipitc131_common_trigger_sync.v                                                                                                                                        ; --            ; --                             ; --               ;
; MISC_FILE                             ; soc_system/simulation/submodules/alt_vipitc131_common_sync_generation.v                                                                                                                                     ; --            ; --                             ; --               ;
; MISC_FILE                             ; soc_system/simulation/submodules/alt_vipitc131_common_frame_counter.v                                                                                                                                       ; --            ; --                             ; --               ;
; MISC_FILE                             ; soc_system/simulation/submodules/alt_vipitc131_common_sample_counter.v                                                                                                                                      ; --            ; --                             ; --               ;
; MISC_FILE                             ; soc_system/simulation/submodules/log_fifo.v                                                                                                                                                                 ; --            ; --                             ; --               ;
; MISC_FILE                             ; soc_system/simulation/submodules/log.mif                                                                                                                                                                    ; --            ; --                             ; --               ;
; MISC_FILE                             ; soc_system/simulation/submodules/log_generator.v                                                                                                                                                            ; --            ; --                             ; --               ;
; MISC_FILE                             ; soc_system/simulation/submodules/log_rom.v                                                                                                                                                                  ; --            ; --                             ; --               ;
; MISC_FILE                             ; soc_system/synthesis/../soc_system.cmp                                                                                                                                                                      ; --            ; --                             ; --               ;
; MISC_FILE                             ; soc_system/synthesis/../../D                                                                                                                                                                                ; --            ; --                             ; --               ;
; MISC_FILE                             ; soc_system/synthesis/soc_system_hps_0_hps.svd                                                                                                                                                               ; --            ; --                             ; --               ;
; MISC_FILE                             ; soc_system/synthesis/../../soc_system.qsys                                                                                                                                                                  ; --            ; --                             ; --               ;
; MISC_FILE                             ; soc_system/synthesis/submodules/sequencer/alt_types.pre.h                                                                                                                                                   ; --            ; --                             ; --               ;
; MISC_FILE                             ; soc_system/synthesis/submodules/sequencer/emif.pre.xml                                                                                                                                                      ; --            ; --                             ; --               ;
; MISC_FILE                             ; soc_system/synthesis/submodules/sequencer/sdram_io.pre.h                                                                                                                                                    ; --            ; --                             ; --               ;
; MISC_FILE                             ; soc_system/synthesis/submodules/sequencer/sequencer.pre.c                                                                                                                                                   ; --            ; --                             ; --               ;
; MISC_FILE                             ; soc_system/synthesis/submodules/sequencer/sequencer.pre.h                                                                                                                                                   ; --            ; --                             ; --               ;
; MISC_FILE                             ; soc_system/synthesis/submodules/sequencer/sequencer_auto.pre.h                                                                                                                                              ; --            ; --                             ; --               ;
; MISC_FILE                             ; soc_system/synthesis/submodules/sequencer/sequencer_auto_ac_init.pre.c                                                                                                                                      ; --            ; --                             ; --               ;
; MISC_FILE                             ; soc_system/synthesis/submodules/sequencer/sequencer_auto_inst_init.pre.c                                                                                                                                    ; --            ; --                             ; --               ;
; MISC_FILE                             ; soc_system/synthesis/submodules/sequencer/sequencer_defines.pre.h                                                                                                                                           ; --            ; --                             ; --               ;
; MISC_FILE                             ; soc_system/synthesis/submodules/sequencer/system.pre.h                                                                                                                                                      ; --            ; --                             ; --               ;
; MISC_FILE                             ; soc_system/synthesis/submodules/sequencer/tclrpt.pre.c                                                                                                                                                      ; --            ; --                             ; --               ;
; MISC_FILE                             ; soc_system/synthesis/submodules/sequencer/tclrpt.pre.h                                                                                                                                                      ; --            ; --                             ; --               ;
; MISC_FILE                             ; soc_system/synthesis/submodules/hps.pre.xml                                                                                                                                                                 ; --            ; --                             ; --               ;
; MISC_FILE                             ; Fp_Add_bb.v                                                                                                                                                                                                 ; --            ; --                             ; --               ;
; MISC_FILE                             ; Fp_Sub_bb.v                                                                                                                                                                                                 ; --            ; --                             ; --               ;
; MISC_FILE                             ; Fp_Mul.bsf                                                                                                                                                                                                  ; --            ; --                             ; --               ;
; MISC_FILE                             ; Fp_Mul_inst.v                                                                                                                                                                                               ; --            ; --                             ; --               ;
; MISC_FILE                             ; Fp_Mul_bb.v                                                                                                                                                                                                 ; --            ; --                             ; --               ;
; MISC_FILE                             ; Fp_Mul.inc                                                                                                                                                                                                  ; --            ; --                             ; --               ;
; MISC_FILE                             ; Fp_Mul.cmp                                                                                                                                                                                                  ; --            ; --                             ; --               ;
; OPTIMIZATION_TECHNIQUE                ; Speed                                                                                                                                                                                                       ; Balanced      ; --                             ; --               ;
; PARTITION_COLOR                       ; -- (Not supported for targeted family)                                                                                                                                                                      ; --            ; --                             ; Top              ;
; PARTITION_FITTER_PRESERVATION_LEVEL   ; -- (Not supported for targeted family)                                                                                                                                                                      ; --            ; --                             ; Top              ;
; PARTITION_NETLIST_TYPE                ; -- (Not supported for targeted family)                                                                                                                                                                      ; --            ; --                             ; Top              ;
; POWER_BOARD_THERMAL_MODEL             ; None (CONSERVATIVE)                                                                                                                                                                                         ; --            ; --                             ; --               ;
; POWER_PRESET_COOLING_SOLUTION         ; 23 MM HEAT SINK WITH 200 LFPM AIRFLOW                                                                                                                                                                       ; --            ; --                             ; --               ;
; SLD_FILE                              ; soc_system/synthesis/soc_system.regmap                                                                                                                                                                      ; --            ; --                             ; --               ;
; SLD_FILE                              ; soc_system/synthesis/soc_system.debuginfo                                                                                                                                                                   ; --            ; --                             ; --               ;
; SLD_FILE                              ; db/stp1_auto_stripped.stp                                                                                                                                                                                   ; --            ; --                             ; --               ;
; SLD_INFO                              ; QSYS_NAME soc_system HAS_SOPCINFO 1 GENERATION_ID 1535541163                                                                                                                                                ; --            ; soc_system                     ; --               ;
; SLD_NODE_CREATOR_ID                   ; 110                                                                                                                                                                                                         ; --            ; --                             ; auto_signaltap_0 ;
; SLD_NODE_ENTITY_NAME                  ; sld_signaltap                                                                                                                                                                                               ; --            ; --                             ; auto_signaltap_0 ;
; SLD_NODE_PARAMETER_ASSIGNMENT         ; SLD_RAM_BLOCK_TYPE=AUTO                                                                                                                                                                                     ; --            ; --                             ; auto_signaltap_0 ;
; SLD_NODE_PARAMETER_ASSIGNMENT         ; SLD_NODE_INFO=805334528                                                                                                                                                                                     ; --            ; --                             ; auto_signaltap_0 ;
; SLD_NODE_PARAMETER_ASSIGNMENT         ; SLD_POWER_UP_TRIGGER=0                                                                                                                                                                                      ; --            ; --                             ; auto_signaltap_0 ;
; SLD_NODE_PARAMETER_ASSIGNMENT         ; SLD_ATTRIBUTE_MEM_MODE=OFF                                                                                                                                                                                  ; --            ; --                             ; auto_signaltap_0 ;
; SLD_NODE_PARAMETER_ASSIGNMENT         ; SLD_STATE_FLOW_USE_GENERATED=0                                                                                                                                                                              ; --            ; --                             ; auto_signaltap_0 ;
; SLD_NODE_PARAMETER_ASSIGNMENT         ; SLD_STATE_BITS=11                                                                                                                                                                                           ; --            ; --                             ; auto_signaltap_0 ;
; SLD_NODE_PARAMETER_ASSIGNMENT         ; SLD_BUFFER_FULL_STOP=1                                                                                                                                                                                      ; --            ; --                             ; auto_signaltap_0 ;
; SLD_NODE_PARAMETER_ASSIGNMENT         ; SLD_CURRENT_RESOURCE_WIDTH=1                                                                                                                                                                                ; --            ; --                             ; auto_signaltap_0 ;
; SLD_NODE_PARAMETER_ASSIGNMENT         ; SLD_INCREMENTAL_ROUTING=1                                                                                                                                                                                   ; --            ; --                             ; auto_signaltap_0 ;
; SLD_NODE_PARAMETER_ASSIGNMENT         ; SLD_TRIGGER_LEVEL=1                                                                                                                                                                                         ; --            ; --                             ; auto_signaltap_0 ;
; SLD_NODE_PARAMETER_ASSIGNMENT         ; SLD_TRIGGER_IN_ENABLED=0                                                                                                                                                                                    ; --            ; --                             ; auto_signaltap_0 ;
; SLD_NODE_PARAMETER_ASSIGNMENT         ; SLD_TRIGGER_PIPELINE=0                                                                                                                                                                                      ; --            ; --                             ; auto_signaltap_0 ;
; SLD_NODE_PARAMETER_ASSIGNMENT         ; SLD_RAM_PIPELINE=0                                                                                                                                                                                          ; --            ; --                             ; auto_signaltap_0 ;
; SLD_NODE_PARAMETER_ASSIGNMENT         ; SLD_COUNTER_PIPELINE=0                                                                                                                                                                                      ; --            ; --                             ; auto_signaltap_0 ;
; SLD_NODE_PARAMETER_ASSIGNMENT         ; SLD_ADVANCED_TRIGGER_ENTITY=basic,1,                                                                                                                                                                        ; --            ; --                             ; auto_signaltap_0 ;
; SLD_NODE_PARAMETER_ASSIGNMENT         ; SLD_TRIGGER_LEVEL_PIPELINE=1                                                                                                                                                                                ; --            ; --                             ; auto_signaltap_0 ;
; SLD_NODE_PARAMETER_ASSIGNMENT         ; SLD_ENABLE_ADVANCED_TRIGGER=0                                                                                                                                                                               ; --            ; --                             ; auto_signaltap_0 ;
; SLD_NODE_PARAMETER_ASSIGNMENT         ; SLD_STORAGE_QUALIFIER_INVERSION_MASK_LENGTH=1                                                                                                                                                               ; --            ; --                             ; auto_signaltap_0 ;
; SLD_NODE_PARAMETER_ASSIGNMENT         ; SLD_STORAGE_QUALIFIER_GAP_RECORD=1                                                                                                                                                                          ; --            ; --                             ; auto_signaltap_0 ;
; SLD_NODE_PARAMETER_ASSIGNMENT         ; SLD_STORAGE_QUALIFIER_MODE=PORT                                                                                                                                                                             ; --            ; --                             ; auto_signaltap_0 ;
; SLD_NODE_PARAMETER_ASSIGNMENT         ; SLD_SEGMENT_SIZE=8192                                                                                                                                                                                       ; --            ; --                             ; auto_signaltap_0 ;
; SLD_NODE_PARAMETER_ASSIGNMENT         ; SLD_SAMPLE_DEPTH=8192                                                                                                                                                                                       ; --            ; --                             ; auto_signaltap_0 ;
; SLD_NODE_PARAMETER_ASSIGNMENT         ; SLD_DATA_BITS=52                                                                                                                                                                                            ; --            ; --                             ; auto_signaltap_0 ;
; SLD_NODE_PARAMETER_ASSIGNMENT         ; SLD_TRIGGER_BITS=52                                                                                                                                                                                         ; --            ; --                             ; auto_signaltap_0 ;
; SLD_NODE_PARAMETER_ASSIGNMENT         ; SLD_STORAGE_QUALIFIER_BITS=52                                                                                                                                                                               ; --            ; --                             ; auto_signaltap_0 ;
; SLD_NODE_PARAMETER_ASSIGNMENT         ; SLD_INVERSION_MASK=0000000000000000000000000000000000000000000000000000000000000000000000000000000000000000000000000000000000000000000000000000000000000000000000000000000000000000000000000000000000000000 ; --            ; --                             ; auto_signaltap_0 ;
; SLD_NODE_PARAMETER_ASSIGNMENT         ; SLD_INVERSION_MASK_LENGTH=184                                                                                                                                                                               ; --            ; --                             ; auto_signaltap_0 ;
; SOPCINFO_FILE                         ; soc_system/synthesis/../../soc_system.sopcinfo                                                                                                                                                              ; --            ; --                             ; --               ;
; SPD_FILE                              ; soc_system/simulation/../soc_system.spd                                                                                                                                                                     ; --            ; --                             ; --               ;
; SYNTHESIS_ONLY_QIP                    ; On                                                                                                                                                                                                          ; --            ; --                             ; --               ;
; SYNTHESIS_ONLY_QIP                    ; On                                                                                                                                                                                                          ; --            ; --                             ; --               ;
; SYNTHESIS_ONLY_QIP                    ; On                                                                                                                                                                                                          ; --            ; --                             ; --               ;
; USE_DLL_FREQUENCY_FOR_DQS_DELAY_CHAIN ; On                                                                                                                                                                                                          ; Off           ; --                             ; --               ;
; USE_SIGNALTAP_FILE                    ; stp1.stp                                                                                                                                                                                                    ; --            ; --                             ; --               ;
+---------------------------------------+-------------------------------------------------------------------------------------------------------------------------------------------------------------------------------------------------------------+---------------+--------------------------------+------------------+


+-------------------------------------------------------------------------------------------------------------------------------+
; Flow Elapsed Time                                                                                                             ;
+---------------------------+--------------+-------------------------+---------------------+------------------------------------+
; Module Name               ; Elapsed Time ; Average Processors Used ; Peak Virtual Memory ; Total CPU Time (on all processors) ;
+---------------------------+--------------+-------------------------+---------------------+------------------------------------+
; Analysis & Synthesis      ; 00:02:14     ; 1.0                     ; 1549 MB             ; 00:02:46                           ;
; Fitter                    ; 00:06:40     ; 1.2                     ; 3785 MB             ; 00:13:44                           ;
; Assembler                 ; 00:00:20     ; 1.0                     ; 921 MB              ; 00:00:21                           ;
; TimeQuest Timing Analyzer ; 00:01:10     ; 1.7                     ; 1828 MB             ; 00:01:54                           ;
; Total                     ; 00:10:24     ; --                      ; --                  ; 00:18:45                           ;
+---------------------------+--------------+-------------------------+---------------------+------------------------------------+


+----------------------------------------------------------------------------------------+
; Flow OS Summary                                                                        ;
+---------------------------+------------------+-----------+------------+----------------+
; Module Name               ; Machine Hostname ; OS Name   ; OS Version ; Processor type ;
+---------------------------+------------------+-----------+------------+----------------+
; Analysis & Synthesis      ; bach-PC          ; Windows 7 ; 6.1        ; x86_64         ;
; Fitter                    ; bach-PC          ; Windows 7 ; 6.1        ; x86_64         ;
; Assembler                 ; bach-PC          ; Windows 7 ; 6.1        ; x86_64         ;
; TimeQuest Timing Analyzer ; bach-PC          ; Windows 7 ; 6.1        ; x86_64         ;
+---------------------------+------------------+-----------+------------+----------------+


------------
; Flow Log ;
------------
quartus_map --read_settings_files=on --write_settings_files=off DE1_SOC_golden_top -c DE1_SOC_golden_top
quartus_fit --read_settings_files=off --write_settings_files=off DE1_SOC_golden_top -c DE1_SOC_golden_top
quartus_asm --read_settings_files=off --write_settings_files=off DE1_SOC_golden_top -c DE1_SOC_golden_top
quartus_sta DE1_SOC_golden_top -c DE1_SOC_golden_top



