Assembler report for DE1_SOC_golden_top
Fri Sep 07 00:18:47 2018
Quartus Prime Version 16.1.0 Build 196 10/24/2016 SJ Standard Edition


---------------------
; Table of Contents ;
---------------------
  1. Legal Notice
  2. Assembler Summary
  3. Assembler Settings
  4. Assembler Encrypted IP Cores Summary
  5. Assembler Generated Files
  6. Assembler Device Options: D:/OK/demo1_axi_640x480_0727OK/demo1_axi/hardware/DE1_SOC_golden_top_time_limited.sof
  7. Assembler Messages



----------------
; Legal Notice ;
----------------
Copyright (C) 2016  Intel Corporation. All rights reserved.
Your use of Intel Corporation's design tools, logic functions 
and other software and tools, and its AMPP partner logic 
functions, and any output files from any of the foregoing 
(including device programming or simulation files), and any 
associated documentation or information are expressly subject 
to the terms and conditions of the Intel Program License 
Subscription Agreement, the Intel Quartus Prime License Agreement,
the Intel MegaCore Function License Agreement, or other 
applicable license agreement, including, without limitation, 
that your use is for the sole purpose of programming logic 
devices manufactured by Intel and sold by Intel or its 
authorized distributors.  Please refer to the applicable 
agreement for further details.



+---------------------------------------------------------------+
; Assembler Summary                                             ;
+-----------------------+---------------------------------------+
; Assembler Status      ; Successful - Fri Sep 07 00:18:47 2018 ;
; Revision Name         ; DE1_SOC_golden_top                    ;
; Top-level Entity Name ; DE1_SOC_golden_top                    ;
; Family                ; Cyclone V                             ;
; Device                ; 5CSXFC6D6F31C6                        ;
+-----------------------+---------------------------------------+


+----------------------------------+
; Assembler Settings               ;
+--------+---------+---------------+
; Option ; Setting ; Default Value ;
+--------+---------+---------------+


+---------------------------------------------------------------+
; Assembler Encrypted IP Cores Summary                          ;
+--------+--------------------------------------+---------------+
; Vendor ; IP Core Name                         ; License Type  ;
+--------+--------------------------------------+---------------+
; Altera ; "Alpha Blending Mixer" (6AF7 00B5)   ; OpenCore Plus ;
; Altera ; "Test Pattern Generator" (6AF7 00CA) ; Licensed      ;
; Altera ; Signal Tap (6AF7 BCE1)               ; Licensed      ;
; Altera ; Signal Tap (6AF7 BCEC)               ; Licensed      ;
+--------+--------------------------------------+---------------+


+---------------------------------------------------------------------------------------+
; Assembler Generated Files                                                             ;
+---------------------------------------------------------------------------------------+
; File Name                                                                             ;
+---------------------------------------------------------------------------------------+
; D:/OK/demo1_axi_640x480_0727OK/demo1_axi/hardware/DE1_SOC_golden_top_time_limited.sof ;
+---------------------------------------------------------------------------------------+


+-----------------------------------------------------------------------------------------------------------------+
; Assembler Device Options: D:/OK/demo1_axi_640x480_0727OK/demo1_axi/hardware/DE1_SOC_golden_top_time_limited.sof ;
+----------------+------------------------------------------------------------------------------------------------+
; Option         ; Setting                                                                                        ;
+----------------+------------------------------------------------------------------------------------------------+
; Device         ; 5CSXFC6D6F31C6                                                                                 ;
; JTAG usercode  ; 0x0760DFEC                                                                                     ;
; Checksum       ; 0x0760DFEC                                                                                     ;
+----------------+------------------------------------------------------------------------------------------------+


+--------------------+
; Assembler Messages ;
+--------------------+
Info: *******************************************************************
Info: Running Quartus Prime Assembler
    Info: Version 16.1.0 Build 196 10/24/2016 SJ Standard Edition
    Info: Processing started: Fri Sep 07 00:18:22 2018
Info: Command: quartus_asm --read_settings_files=off --write_settings_files=off DE1_SOC_golden_top -c DE1_SOC_golden_top
Warning (18236): Number of processors has not been specified which may cause overloading on shared machines.  Set the global assignment NUM_PARALLEL_PROCESSORS in your QSF to an appropriate value for best performance.
Info (115030): Assembler is generating device programming files
Info (115017): Design contains a time-limited core -- only a single, time-limited programming file can be generated
Warning (210042): Can't convert time-limited SOF into POF, HEX File, TTF, or RBF
Info (210040): SRAM Object File D:/OK/demo1_axi_640x480_0727OK/demo1_axi/hardware/DE1_SOC_golden_top_time_limited.sof contains time-limited megafunction that supports OpenCore Plus feature -- Vendor: 0x6AF7, Product: 0x00B5
Info (11878): Hard Processor Subsystem configuration has not changed and a Preloader software update is not required
Info: Quartus Prime Assembler was successful. 0 errors, 2 warnings
    Info: Peak virtual memory: 957 megabytes
    Info: Processing ended: Fri Sep 07 00:18:48 2018
    Info: Elapsed time: 00:00:26
    Info: Total CPU time (on all processors): 00:00:25


